<?xml version="1.0" encoding="UTF-8"?>
<testng-results skipped="0" failed="1" total="5" passed="4">
  <reporter-output>
  </reporter-output>
  <suite name="Suite" duration-ms="88494" started-at="2017-04-04T12:48:54Z" finished-at="2017-04-04T12:50:22Z">
    <groups>
    </groups>
    <test name="Test" duration-ms="88494" started-at="2017-04-04T12:48:54Z" finished-at="2017-04-04T12:50:22Z">
      <class name="sMaps.POC">
        <test-method status="PASS" signature="init()[pri:0, instance:sMaps.POC@3bd550]" name="init" is-config="true" duration-ms="14412" started-at="2017-04-04T18:18:54Z" finished-at="2017-04-04T18:19:08Z">
          <reporter-output>
          </reporter-output>
        </test-method> <!-- init -->
        <test-method status="PASS" signature="mapFieldsAssertions()[pri:1, instance:sMaps.POC@3bd550]" name="mapFieldsAssertions" duration-ms="1498" started-at="2017-04-04T18:19:08Z" finished-at="2017-04-04T18:19:09Z">
          <reporter-output>
          </reporter-output>
        </test-method> <!-- mapFieldsAssertions -->
        <test-method status="PASS" signature="getResult(org.testng.ITestResult)[pri:0, instance:sMaps.POC@3bd550]" name="getResult" is-config="true" duration-ms="5" started-at="2017-04-04T18:19:09Z" finished-at="2017-04-04T18:19:09Z">
          <params>
            <param index="0">
              <value>
                <![CDATA[[TestResult name=mapFieldsAssertions status=SUCCESS method=POC.mapFieldsAssertions()[pri:1, instance:sMaps.POC@3bd550] output={null}]]]>
              </value>
            </param>
          </params>
          <reporter-output>
          </reporter-output>
        </test-method> <!-- getResult -->
        <test-method status="PASS" signature="menuAssertions()[pri:2, instance:sMaps.POC@3bd550]" name="menuAssertions" duration-ms="3664" started-at="2017-04-04T18:19:09Z" finished-at="2017-04-04T18:19:13Z">
          <reporter-output>
          </reporter-output>
        </test-method> <!-- menuAssertions -->
        <test-method status="PASS" signature="getResult(org.testng.ITestResult)[pri:0, instance:sMaps.POC@3bd550]" name="getResult" is-config="true" duration-ms="0" started-at="2017-04-04T18:19:13Z" finished-at="2017-04-04T18:19:13Z">
          <params>
            <param index="0">
              <value>
                <![CDATA[[TestResult name=menuAssertions status=SUCCESS method=POC.menuAssertions()[pri:2, instance:sMaps.POC@3bd550] output={null}]]]>
              </value>
            </param>
          </params>
          <reporter-output>
          </reporter-output>
        </test-method> <!-- getResult -->
        <test-method status="PASS" signature="searchBuilding()[pri:3, instance:sMaps.POC@3bd550]" name="searchBuilding" duration-ms="19803" started-at="2017-04-04T18:19:13Z" finished-at="2017-04-04T18:19:33Z">
          <reporter-output>
          </reporter-output>
        </test-method> <!-- searchBuilding -->
        <test-method status="PASS" signature="getResult(org.testng.ITestResult)[pri:0, instance:sMaps.POC@3bd550]" name="getResult" is-config="true" duration-ms="0" started-at="2017-04-04T18:19:33Z" finished-at="2017-04-04T18:19:33Z">
          <params>
            <param index="0">
              <value>
                <![CDATA[[TestResult name=searchBuilding status=SUCCESS method=POC.searchBuilding()[pri:3, instance:sMaps.POC@3bd550] output={null}]]]>
              </value>
            </param>
          </params>
          <reporter-output>
          </reporter-output>
        </test-method> <!-- getResult -->
        <test-method status="PASS" signature="verifyPointsOfInterestPass()[pri:4, instance:sMaps.POC@3bd550]" name="verifyPointsOfInterestPass" duration-ms="30143" started-at="2017-04-04T18:19:33Z" finished-at="2017-04-04T18:20:03Z">
          <reporter-output>
          </reporter-output>
        </test-method> <!-- verifyPointsOfInterestPass -->
        <test-method status="FAIL" signature="verifyPointsOfInterestFail()[pri:5, instance:sMaps.POC@3bd550]" name="verifyPointsOfInterestFail" duration-ms="17378" started-at="2017-04-04T18:20:03Z" finished-at="2017-04-04T18:20:20Z">
          <exception class="java.lang.AssertionError">
            <message>
              <![CDATA[Images are Same expected [false] but found [true]]]>
            </message>
            <full-stacktrace>
              <![CDATA[java.lang.AssertionError: Images are Same expected [false] but found [true]
	at org.testng.Assert.fail(Assert.java:94)
	at org.testng.Assert.failNotEquals(Assert.java:513)
	at org.testng.Assert.assertFalse(Assert.java:63)
	at sMaps.POC.verifyPointsOfInterestFail(POC.java:274)
	at sun.reflect.NativeMethodAccessorImpl.invoke0(Native Method)
	at sun.reflect.NativeMethodAccessorImpl.invoke(Unknown Source)
	at sun.reflect.DelegatingMethodAccessorImpl.invoke(Unknown Source)
	at java.lang.reflect.Method.invoke(Unknown Source)
	at org.testng.internal.MethodInvocationHelper.invokeMethod(MethodInvocationHelper.java:86)
	at org.testng.internal.Invoker.invokeMethod(Invoker.java:646)
	at org.testng.internal.Invoker.invokeTestMethod(Invoker.java:823)
	at org.testng.internal.Invoker.invokeTestMethods(Invoker.java:1131)
	at org.testng.internal.TestMethodWorker.invokeTestMethods(TestMethodWorker.java:129)
	at org.testng.internal.TestMethodWorker.run(TestMethodWorker.java:112)
	at org.testng.TestRunner.privateRun(TestRunner.java:778)
	at org.testng.TestRunner.run(TestRunner.java:632)
	at org.testng.SuiteRunner.runTest(SuiteRunner.java:366)
	at org.testng.SuiteRunner.runSequentially(SuiteRunner.java:361)
	at org.testng.SuiteRunner.privateRun(SuiteRunner.java:319)
	at org.testng.SuiteRunner.run(SuiteRunner.java:268)
	at org.testng.SuiteRunnerWorker.runSuite(SuiteRunnerWorker.java:52)
	at org.testng.SuiteRunnerWorker.run(SuiteRunnerWorker.java:86)
	at org.testng.TestNG.runSuitesSequentially(TestNG.java:1225)
	at org.testng.TestNG.runSuitesLocally(TestNG.java:1150)
	at org.testng.TestNG.runSuites(TestNG.java:1075)
	at org.testng.TestNG.run(TestNG.java:1047)
	at org.testng.remote.AbstractRemoteTestNG.run(AbstractRemoteTestNG.java:126)
	at org.testng.remote.RemoteTestNG.initAndRun(RemoteTestNG.java:137)
	at org.testng.remote.RemoteTestNG.main(RemoteTestNG.java:58)
]]>
            </full-stacktrace>
          </exception> <!-- java.lang.AssertionError -->
          <reporter-output>
          </reporter-output>
        </test-method> <!-- verifyPointsOfInterestFail -->
        <test-method status="PASS" signature="getResult(org.testng.ITestResult)[pri:0, instance:sMaps.POC@3bd550]" name="getResult" is-config="true" duration-ms="0" started-at="2017-04-04T18:20:03Z" finished-at="2017-04-04T18:20:03Z">
          <params>
            <param index="0">
              <value>
                <![CDATA[[TestResult name=verifyPointsOfInterestPass status=SUCCESS method=POC.verifyPointsOfInterestPass()[pri:4, instance:sMaps.POC@3bd550] output={null}]]]>
              </value>
            </param>
          </params>
          <reporter-output>
          </reporter-output>
        </test-method> <!-- getResult -->
        <test-method status="PASS" signature="getResult(org.testng.ITestResult)[pri:0, instance:sMaps.POC@3bd550]" name="getResult" is-config="true" duration-ms="11" started-at="2017-04-04T18:20:20Z" finished-at="2017-04-04T18:20:20Z">
          <params>
            <param index="0">
              <value>
                <![CDATA[[TestResult name=verifyPointsOfInterestFail status=FAILURE method=POC.verifyPointsOfInterestFail()[pri:5, instance:sMaps.POC@3bd550] output={null}]]]>
              </value>
            </param>
          </params>
          <reporter-output>
          </reporter-output>
        </test-method> <!-- getResult -->
        <test-method status="PASS" signature="tearDown()[pri:0, instance:sMaps.POC@3bd550]" name="tearDown" is-config="true" duration-ms="1548" started-at="2017-04-04T18:20:20Z" finished-at="2017-04-04T18:20:22Z">
          <reporter-output>
          </reporter-output>
        </test-method> <!-- tearDown -->
      </class> <!-- sMaps.POC -->
    </test> <!-- Test -->
  </suite> <!-- Suite -->
</testng-results>
